[35m[1mScanning dependencies of target nav350_hardware_lib[0m
[ 16%] [32mBuilding CXX object CMakeFiles/nav350_hardware_lib.dir/src/drivers/nav350/sicknav350/SickNAV350.cc.o[0m
In file included from [01m[K/home/studio3s/ROS2WS/Sick-Nav350-ros2/src/nav350_Hardware/src/drivers/nav350/sicknav350/SickNAV350.cc:44[m[K:
[01m[K/home/studio3s/ROS2WS/Sick-Nav350-ros2/src/nav350_Hardware/include/nav350_Hardware/SickNAV350.hh:42:10:[m[K [01;31m[Kfatal error: [m[KSickLIDAR.hh: No such file or directory
   42 | #include [01;31m[K"SickLIDAR.hh"[m[K
      |          [01;31m[K^~~~~~~~~~~~~~[m[K
compilation terminated.
make[2]: *** [CMakeFiles/nav350_hardware_lib.dir/build.make:63: CMakeFiles/nav350_hardware_lib.dir/src/drivers/nav350/sicknav350/SickNAV350.cc.o] Error 1
make[1]: *** [CMakeFiles/Makefile2:80: CMakeFiles/nav350_hardware_lib.dir/all] Error 2
make: *** [Makefile:141: all] Error 2
