[0.047s] Invoking command in '/home/studio3s/ROS2WS/Sick-Nav350-ros2/build/nav350_hardware': CMAKE_PREFIX_PATH=${CMAKE_PREFIX_PATH}:/opt/ros/galactic /usr/bin/cmake --build /home/studio3s/ROS2WS/Sick-Nav350-ros2/build/nav350_hardware -- -j4 -l4
[0.371s] [35m[1mScanning dependencies of target nav350_hardware_lib[0m
[0.388s] [ 16%] [32mBuilding CXX object CMakeFiles/nav350_hardware_lib.dir/src/drivers/nav350/sicknav350/SickNAV350.cc.o[0m
[0.596s] In file included from [01m[K/home/studio3s/ROS2WS/Sick-Nav350-ros2/src/nav350_Hardware/src/drivers/nav350/sicknav350/SickNAV350.cc:44[m[K:
[0.596s] [01m[K/home/studio3s/ROS2WS/Sick-Nav350-ros2/src/nav350_Hardware/include/nav350_Hardware/SickNAV350.hh:42:10:[m[K [01;31m[Kfatal error: [m[KSickLIDAR.hh: No such file or directory
[0.596s]    42 | #include [01;31m[K"SickLIDAR.hh"[m[K
[0.596s]       |          [01;31m[K^~~~~~~~~~~~~~[m[K
[0.596s] compilation terminated.
[0.601s] make[2]: *** [CMakeFiles/nav350_hardware_lib.dir/build.make:63: CMakeFiles/nav350_hardware_lib.dir/src/drivers/nav350/sicknav350/SickNAV350.cc.o] Error 1
[0.602s] make[1]: *** [CMakeFiles/Makefile2:80: CMakeFiles/nav350_hardware_lib.dir/all] Error 2
[0.603s] make: *** [Makefile:141: all] Error 2
[0.606s] Invoked command in '/home/studio3s/ROS2WS/Sick-Nav350-ros2/build/nav350_hardware' returned '2': CMAKE_PREFIX_PATH=${CMAKE_PREFIX_PATH}:/opt/ros/galactic /usr/bin/cmake --build /home/studio3s/ROS2WS/Sick-Nav350-ros2/build/nav350_hardware -- -j4 -l4
